SCAN_FAILED: docker.io/bitnami/bitnami-shell:11-debian-11-r58 - Failed to pull image
SCAN_FAILED: docker.io/bitnami/bitnami-shell:11-debian-11-r58 - Scan function returned error
SCAN_FAILED: docker.io/bitnami/bitnami-shell:11-debian-11-r76 - Failed to pull image
SCAN_FAILED: docker.io/bitnami/bitnami-shell:11-debian-11-r76 - Scan function returned error
SCAN_FAILED: docker.io/bitnami/bitnami-shell:11-debian-11-r78 - Failed to pull image
SCAN_FAILED: docker.io/bitnami/bitnami-shell:11-debian-11-r78 - Scan function returned error
SCAN_FAILED: docker.io/bitnami/bitnami-shell:11-debian-11-r86 - Failed to pull image
SCAN_FAILED: docker.io/bitnami/bitnami-shell:11-debian-11-r86 - Scan function returned error
SCAN_FAILED: docker.io/keycloak-config-cli:latest - Failed to pull image
SCAN_FAILED: docker.io/keycloak-config-cli:latest - Scan function returned error
SCAN_FAILED: docker.io/keycloak:25.0.6 - Failed to pull image
SCAN_FAILED: docker.io/keycloak:25.0.6 - Scan function returned error
SCAN_FAILED: ghcr.io/brp-api/personen-mock:2.6.0-202502261446 - Failed to pull image
SCAN_FAILED: ghcr.io/brp-api/personen-mock:2.6.0-202502261446 - Scan function returned error
SCAN_FAILED: ghcr.io/eugenmayer/kontextwork-converter:1.8.0 - Failed to pull image
SCAN_FAILED: ghcr.io/eugenmayer/kontextwork-converter:1.8.0 - Scan function returned error
SCAN_FAILED: ghcr.io/icatt-menselijk-digitaal/podiumd-adapter:v0.6.x-20250225135230-fc9468b - Failed to pull image
SCAN_FAILED: ghcr.io/icatt-menselijk-digitaal/podiumd-adapter:v0.6.x-20250225135230-fc9468b - Scan function returned error
SCAN_FAILED: ghcr.io/infonl/zaakafhandelcomponent:3.5.0 - Failed to pull image
SCAN_FAILED: ghcr.io/infonl/zaakafhandelcomponent:3.5.0 - Scan function returned error
SCAN_FAILED: ghcr.io/infonl/zaakafhandelcomponent:latest - Failed to pull image
SCAN_FAILED: ghcr.io/infonl/zaakafhandelcomponent:latest - Scan function returned error
SCAN_FAILED: ghcr.io/klantinteractie-servicesysteem/kiss-elastic-sync:latest - Failed to pull image
SCAN_FAILED: ghcr.io/klantinteractie-servicesysteem/kiss-elastic-sync:latest - Scan function returned error
SCAN_FAILED: ghcr.io/klantinteractie-servicesysteem/kiss-frontend:release-1.0.x-20250418091744-8936963 - Failed to pull image
SCAN_FAILED: ghcr.io/klantinteractie-servicesysteem/kiss-frontend:release-1.0.x-20250418091744-8936963 - Scan function returned error
