SCAN_FAILED: docker.io/bitnami/bitnami-shell:11-debian-11-r58 - Failed to pull image
SCAN_FAILED: docker.io/bitnami/bitnami-shell:11-debian-11-r58 - Scan function returned error
SCAN_FAILED: docker.io/bitnami/bitnami-shell:11-debian-11-r76 - Failed to pull image
SCAN_FAILED: docker.io/bitnami/bitnami-shell:11-debian-11-r76 - Scan function returned error
SCAN_FAILED: docker.io/bitnami/bitnami-shell:11-debian-11-r78 - Failed to pull image
SCAN_FAILED: docker.io/bitnami/bitnami-shell:11-debian-11-r78 - Scan function returned error
SCAN_FAILED: docker.io/bitnami/bitnami-shell:11-debian-11-r86 - Failed to pull image
SCAN_FAILED: docker.io/bitnami/bitnami-shell:11-debian-11-r86 - Scan function returned error
SCAN_FAILED: docker.io/keycloak-config-cli:latest - Failed to pull image
SCAN_FAILED: docker.io/keycloak-config-cli:latest - Scan function returned error
SCAN_FAILED: docker.io/keycloak:25.0.6 - Failed to pull image
SCAN_FAILED: docker.io/keycloak:25.0.6 - Scan function returned error
SCAN_FAILED: ghcr.io/infonl/zaakafhandelcomponent:3.5.0 - Failed to pull image
SCAN_FAILED: ghcr.io/infonl/zaakafhandelcomponent:3.5.0 - Scan function returned error
SCAN_FAILED: docker.io/bitnami/bitnami-shell:11-debian-11-r58 - Failed to pull image
SCAN_FAILED: docker.io/bitnami/bitnami-shell:11-debian-11-r58 - Scan function returned error
SCAN_FAILED: docker.io/bitnami/bitnami-shell:11-debian-11-r76 - Failed to pull image
SCAN_FAILED: docker.io/bitnami/bitnami-shell:11-debian-11-r76 - Scan function returned error
SCAN_FAILED: docker.io/bitnami/bitnami-shell:11-debian-11-r78 - Failed to pull image
SCAN_FAILED: docker.io/bitnami/bitnami-shell:11-debian-11-r78 - Scan function returned error
SCAN_FAILED: docker.io/bitnami/bitnami-shell:11-debian-11-r86 - Failed to pull image
SCAN_FAILED: docker.io/bitnami/bitnami-shell:11-debian-11-r86 - Scan function returned error
SCAN_FAILED: docker.io/keycloak-config-cli:latest - Failed to pull image
SCAN_FAILED: docker.io/keycloak-config-cli:latest - Scan function returned error
SCAN_FAILED: docker.io/keycloak:25.0.6 - Failed to pull image
SCAN_FAILED: docker.io/keycloak:25.0.6 - Scan function returned error
SCAN_FAILED: ghcr.io/infonl/zaakafhandelcomponent:3.5.0 - Failed to pull image
SCAN_FAILED: ghcr.io/infonl/zaakafhandelcomponent:3.5.0 - Scan function returned error
