SCAN_FAILED: docker.elastic.co/eck/eck-operator:latest - Failed to get image age
SCAN_FAILED: docker.elastic.co/eck/eck-operator:latest - Scan function returned error
SCAN_FAILED: docker.io/bitnami/bitnami-shell:11-debian-11-r58 - Failed to pull image
SCAN_FAILED: docker.io/bitnami/bitnami-shell:11-debian-11-r58 - Scan function returned error
SCAN_FAILED: docker.io/bitnami/bitnami-shell:11-debian-11-r76 - Failed to pull image
SCAN_FAILED: docker.io/bitnami/bitnami-shell:11-debian-11-r76 - Scan function returned error
SCAN_FAILED: docker.io/bitnami/bitnami-shell:11-debian-11-r78 - Failed to pull image
SCAN_FAILED: docker.io/bitnami/bitnami-shell:11-debian-11-r78 - Scan function returned error
SCAN_FAILED: docker.io/bitnami/bitnami-shell:11-debian-11-r86 - Failed to pull image
SCAN_FAILED: docker.io/bitnami/bitnami-shell:11-debian-11-r86 - Scan function returned error
SCAN_FAILED: docker.io/keycloak-config-cli:latest - Failed to pull image
SCAN_FAILED: docker.io/keycloak-config-cli:latest - Scan function returned error
SCAN_FAILED: docker.io/keycloak:25.0.6 - Failed to pull image
SCAN_FAILED: docker.io/keycloak:25.0.6 - Scan function returned error
SCAN_FAILED: docker.io/openzaak/open-notificaties:latest - Failed to pull image
SCAN_FAILED: docker.io/openzaak/open-notificaties:latest - Scan function returned error
SCAN_FAILED: docker.io/openzaak/open-zaak:latest - Failed to pull image
SCAN_FAILED: docker.io/openzaak/open-zaak:latest - Scan function returned error
SCAN_FAILED: docker.io/otel/opentelemetry-collector-contrib:0.123.0@sha256:e39311df1f3d941923c00da79ac7ba6269124a870ee87e3c3ad24d60f8aee4d2 - Failed to pull image
SCAN_FAILED: docker.io/otel/opentelemetry-collector-contrib:0.123.0@sha256:e39311df1f3d941923c00da79ac7ba6269124a870ee87e3c3ad24d60f8aee4d2 - Scan function returned error
SCAN_FAILED: docker.io/pravega/zookeeper-operator:0.2.15 - Failed to pull image
SCAN_FAILED: docker.io/pravega/zookeeper-operator:0.2.15 - Scan function returned error
SCAN_FAILED: docker.io/pravega/zookeeper-operator:0.2.15@sha256:b2bc4042fdd8fea6613b04f2f602ba4aff1201e79ba35cd0e2df9f3327111b0e - Failed to pull image
SCAN_FAILED: docker.io/pravega/zookeeper-operator:0.2.15@sha256:b2bc4042fdd8fea6613b04f2f602ba4aff1201e79ba35cd0e2df9f3327111b0e - Scan function returned error
SCAN_FAILED: docker.io/pravega/zookeeper:0.2.15@sha256:c498ebfb76a66f038075e2fa6148528d74d31ca1664f3257fdf82ee779eec9c8 - Failed to pull image
SCAN_FAILED: docker.io/pravega/zookeeper:0.2.15@sha256:c498ebfb76a66f038075e2fa6148528d74d31ca1664f3257fdf82ee779eec9c8 - Scan function returned error
SCAN_FAILED: ghcr.io/brp-api/personen-mock:2.6.0-202502261446 - Failed to pull image
SCAN_FAILED: ghcr.io/brp-api/personen-mock:2.6.0-202502261446 - Scan function returned error
SCAN_FAILED: ghcr.io/eugenmayer/kontextwork-converter:1.8.0@sha256:48da70902307f27ad92a27ddf5875310464fd4d4a2f53ce53e1a6f9b3b4c3355 - Failed to pull image
SCAN_FAILED: ghcr.io/eugenmayer/kontextwork-converter:1.8.0@sha256:48da70902307f27ad92a27ddf5875310464fd4d4a2f53ce53e1a6f9b3b4c3355 - Scan function returned error
SCAN_FAILED: ghcr.io/icatt-menselijk-digitaal/podiumd-adapter:v0.6.x-20250225135230-fc9468b - Failed to pull image
SCAN_FAILED: ghcr.io/icatt-menselijk-digitaal/podiumd-adapter:v0.6.x-20250225135230-fc9468b - Scan function returned error
SCAN_FAILED: ghcr.io/infonl/zaakafhandelcomponent:3.5.0 - Failed to pull image
SCAN_FAILED: ghcr.io/infonl/zaakafhandelcomponent:3.5.0 - Scan function returned error
SCAN_FAILED: ghcr.io/infonl/zaakafhandelcomponent:latest - Failed to pull image
SCAN_FAILED: ghcr.io/infonl/zaakafhandelcomponent:latest - Scan function returned error
SCAN_FAILED: ghcr.io/klantinteractie-servicesysteem/kiss-elastic-sync:latest - Failed to pull image
SCAN_FAILED: ghcr.io/klantinteractie-servicesysteem/kiss-elastic-sync:latest - Scan function returned error
SCAN_FAILED: ghcr.io/klantinteractie-servicesysteem/kiss-frontend:release-1.0.x-20250418091744-8936963 - Failed to pull image
SCAN_FAILED: ghcr.io/klantinteractie-servicesysteem/kiss-frontend:release-1.0.x-20250418091744-8936963 - Scan function returned error
SCAN_FAILED: docker.io/bitnami/bitnami-shell:11-debian-11-r58 - Failed to pull image
SCAN_FAILED: docker.io/bitnami/bitnami-shell:11-debian-11-r58 - Scan function returned error
SCAN_FAILED: docker.io/bitnami/bitnami-shell:11-debian-11-r76 - Failed to pull image
SCAN_FAILED: docker.io/bitnami/bitnami-shell:11-debian-11-r76 - Scan function returned error
SCAN_FAILED: docker.io/bitnami/bitnami-shell:11-debian-11-r78 - Failed to pull image
SCAN_FAILED: docker.io/bitnami/bitnami-shell:11-debian-11-r78 - Scan function returned error
SCAN_FAILED: docker.io/bitnami/bitnami-shell:11-debian-11-r86 - Failed to pull image
SCAN_FAILED: docker.io/bitnami/bitnami-shell:11-debian-11-r86 - Scan function returned error
SCAN_FAILED: docker.io/keycloak-config-cli:latest - Failed to pull image
SCAN_FAILED: docker.io/keycloak-config-cli:latest - Scan function returned error
SCAN_FAILED: docker.io/keycloak:25.0.6 - Failed to pull image
SCAN_FAILED: docker.io/keycloak:25.0.6 - Scan function returned error
SCAN_FAILED: ghcr.io/infonl/zaakafhandelcomponent:3.5.0 - Failed to pull image
SCAN_FAILED: ghcr.io/infonl/zaakafhandelcomponent:3.5.0 - Scan function returned error
